<?xml version="1.0" encoding="UTF-8"?>
<!-- Generated by org.testng.reporters.JUnitXMLReporter -->
<testsuite ignored="0" hostname="DESKTOP-T0UDG4R" failures="1" tests="2" name="chrome browser test" time="27.166" errors="0" timestamp="2022-01-18T03:46:29 IST">
  <testcase classname="purchaseOrderTest.CreatePurchaseOrdreWithItemAndAddProductTest" name="createPurchaseOrder" time="3.299">
    <failure type="java.lang.NullPointerException" message="Cannot invoke &amp;quot;org.openqa.selenium.SearchContext.findElement(org.openqa.selenium.By)&amp;quot; because &amp;quot;this.searchContext&amp;quot; is null">
      <![CDATA[java.lang.NullPointerException: Cannot invoke "org.openqa.selenium.SearchContext.findElement(org.openqa.selenium.By)" because "this.searchContext" is null
at org.openqa.selenium.support.pagefactory.DefaultElementLocator.findElement(DefaultElementLocator.java:69)
at org.openqa.selenium.support.pagefactory.internal.LocatingElementHandler.invoke(LocatingElementHandler.java:38)
at jdk.proxy2/jdk.proxy2.$Proxy17.click(Unknown Source)
at com.crm.comcast.objectRepository.HomePage.clickPurchaseOrderLink(HomePage.java:73)
at purchaseOrderTest.CreatePurchaseOrdreWithItemAndAddProductTest.createPurchaseOrder(CreatePurchaseOrdreWithItemAndAddProductTest.java:54)
at java.base/java.util.ArrayList.forEach(ArrayList.java:1511)
... Removed 27 stack frames]]>
    </failure>
  </testcase> <!-- createPurchaseOrder -->
  <testcase classname="purchaseOrderTest.PurchaseOrderWithItemAndAddServiceTest" name="purchaseOrderTest" time="5.01"/>
</testsuite> <!-- chrome browser test -->
