<?xml version="1.0" encoding="UTF-8"?>
<!-- Generated by org.testng.reporters.JUnitXMLReporter -->
<testsuite ignored="0" hostname="DESKTOP-T0UDG4R" failures="0" tests="2" name="firefox browser test" time="5.081" errors="0" timestamp="2022-01-18T03:46:34 IST">
  <testcase classname="com.crm.comcast.GenericUitility.BaseClass" name="@BeforeClass configBc" time="0.087">
    <failure type="org.openqa.selenium.WebDriverException" message="Cannot find firefox binary in PATH. Make sure firefox is installed. OS appears to be: WIN10
Build info: version: &amp;apos;3.141.59&amp;apos;, revision: &amp;apos;e82be7d358&amp;apos;, time: &amp;apos;2018-11-14T08:17:03&amp;apos;
System info: host: &amp;apos;DESKTOP-T0UDG4R&amp;apos;, ip: &amp;apos;127.0.0.1&amp;apos;, os.name: &amp;apos;Windows 10&amp;apos;, os.arch: &amp;apos;amd64&amp;apos;, os.version: &amp;apos;10.0&amp;apos;, java.version: &amp;apos;17.0.1&amp;apos;
Driver info: driver.version: FirefoxDriver">
      <![CDATA[org.openqa.selenium.WebDriverException: Cannot find firefox binary in PATH. Make sure firefox is installed. OS appears to be: WIN10
Build info: version: '3.141.59', revision: 'e82be7d358', time: '2018-11-14T08:17:03'
System info: host: 'DESKTOP-T0UDG4R', ip: '127.0.0.1', os.name: 'Windows 10', os.arch: 'amd64', os.version: '10.0', java.version: '17.0.1'
Driver info: driver.version: FirefoxDriver
at org.openqa.selenium.firefox.FirefoxBinary.<init>(FirefoxBinary.java:100)
at java.base/java.util.Optional.orElseGet(Optional.java:364)
at org.openqa.selenium.firefox.FirefoxOptions.getBinary(FirefoxOptions.java:216)
at org.openqa.selenium.firefox.FirefoxDriver.toExecutor(FirefoxDriver.java:187)
at org.openqa.selenium.firefox.FirefoxDriver.<init>(FirefoxDriver.java:147)
at org.openqa.selenium.firefox.FirefoxDriver.<init>(FirefoxDriver.java:125)
at com.crm.comcast.GenericUitility.BaseClass.configBc(BaseClass.java:48)
at java.base/java.util.ArrayList.forEach(ArrayList.java:1511)
... Removed 25 stack frames]]>
    </failure>
  </testcase> <!-- @BeforeClass configBc -->
  <testcase classname="com.crm.comcast.GenericUitility.BaseClass" name="@BeforeMethod configBm" time="-1.642457789355E9">
    <skipped/>
  </testcase> <!-- @BeforeMethod configBm -->
  <testcase classname="com.crm.comcast.GenericUitility.BaseClass" name="@AfterMethod configAm" time="-1.642457789373E9">
    <skipped/>
  </testcase> <!-- @AfterMethod configAm -->
  <testcase classname="com.crm.comcast.GenericUitility.BaseClass" name="@AfterClass configAc" time="-1.642457789377E9">
    <skipped/>
  </testcase> <!-- @AfterClass configAc -->
  <testcase classname="purchaseOrderTest.CreatePurchaseOrdreWithItemAndAddProductTest" name="createPurchaseOrder" time="0.0">
    <skipped/>
  </testcase> <!-- createPurchaseOrder -->
  <testcase classname="purchaseOrderTest.PurchaseOrderWithItemAndAddServiceTest" name="purchaseOrderTest" time="4.928"/>
</testsuite> <!-- firefox browser test -->
