<?xml version="1.0" encoding="UTF-8"?>
<!-- Generated by org.testng.reporters.JUnitXMLReporter -->
<testsuite ignored="0" hostname="DESKTOP-T0UDG4R" failures="0" tests="1" name="Test-runner1" time="0.105" errors="0" timestamp="2022-01-18T03:47:57 IST">
  <testcase classname="com.crm.comcast.GenericUitility.BaseClass" name="@BeforeClass configBc" time="-1.642457877561E9">
    <failure type="org.testng.TestNGException" message="
Parameter &amp;apos;browser&amp;apos; is required by BeforeClass on method configBc but has not been marked @Optional or defined
in C:\Users\Dell\eclipse-workspace 5\com.crm.comcast.SDET_28_NEW\Distributed_Parallel_Execution_testng.xml">
      <![CDATA[org.testng.TestNGException: 
Parameter 'browser' is required by BeforeClass on method configBc but has not been marked @Optional or defined
in C:\Users\Dell\eclipse-workspace 5\com.crm.comcast.SDET_28_NEW\Distributed_Parallel_Execution_testng.xml
at java.base/java.util.ArrayList.forEach(ArrayList.java:1511)
at java.base/java.util.concurrent.FutureTask.run(FutureTask.java:264)
at java.base/java.util.concurrent.ThreadPoolExecutor.runWorker(ThreadPoolExecutor.java:1136)
at java.base/java.util.concurrent.ThreadPoolExecutor$Worker.run(ThreadPoolExecutor.java:635)
at java.base/java.lang.Thread.run(Thread.java:833)
... Removed 13 stack frames]]>
    </failure>
  </testcase> <!-- @BeforeClass configBc -->
  <testcase classname="com.crm.comcast.GenericUitility.BaseClass" name="@BeforeMethod configBm" time="-1.642457877595E9">
    <skipped/>
  </testcase> <!-- @BeforeMethod configBm -->
  <testcase classname="com.crm.comcast.GenericUitility.BaseClass" name="@AfterMethod configAm" time="-1.642457877615E9">
    <skipped/>
  </testcase> <!-- @AfterMethod configAm -->
  <testcase classname="com.crm.comcast.GenericUitility.BaseClass" name="@AfterClass configAc" time="-1.642457877624E9">
    <skipped/>
  </testcase> <!-- @AfterClass configAc -->
  <testcase classname="purchaseOrderTest.CreatePurchaseOrdreWithItemAndAddProductTest" name="createPurchaseOrder" time="0.0">
    <skipped/>
  </testcase> <!-- createPurchaseOrder -->
</testsuite> <!-- Test-runner1 -->
